<?xml version="1.0" encoding="UTF-8" ?>
<testsuite tests="9" failures="0" name="runners.TestRunner" time="0.097" errors="2" skipped="4">
  <properties>
[...]
</properties>
  <testcase classname="Scenario: Customer place an order by purchasing an item from search" name="Given user is on Home Page" time="0.005"/>
  <testcase classname="Scenario: Customer place an order by purchasing an item from search" name="When he searches from &quot;dress&quot;" time="0.005"/>
  <testcase classname="Scenario: Customer place an order by purchasing an item from search" name="And Chooses to buy the first item" time="0"/>
  <testcase classname="Scenario: Customer place an order by purchasing an item from search" name="And moves to checkout from mini cart" time="0.013">
    <error message="unexpected alert open: {Alert text : Please select some product options before adding this product to your cart.}
  (Session info: chrome=77.0.3865.90): Please select some product options before adding this product to your cart.
Build info: version: &apos;3.14.0&apos;, revision: &apos;aacccce0&apos;, time: &apos;2018-08-02T20:19:58.91Z&apos;
System info: host: &apos;DESKTOP-BF2QF85&apos;, ip: &apos;192.168.0.3&apos;, os.name: &apos;Windows 10&apos;, os.arch: &apos;amd64&apos;, os.version: &apos;10.0&apos;, java.version: &apos;1.8.0_191&apos;
Driver info: org.openqa.selenium.chrome.ChromeDriver
Capabilities {acceptInsecureCerts: false, browserName: chrome, browserVersion: 77.0.3865.90, chrome: {chromedriverVersion: 76.0.3809.68 (420c9498db8ce..., userDataDir: C:\Users\Chonnu\AppData\Loc...}, goog:chromeOptions: {debuggerAddress: localhost:56757}, javascriptEnabled: true, networkConnectionEnabled: false, pageLoadStrategy: normal, platform: XP, platformName: XP, proxy: Proxy(), setWindowRect: true, strictFileInteractability: false, timeouts: {implicit: 0, pageLoad: 300000, script: 30000}, unhandledPromptBehavior: dismiss and notify}
Session ID: d66335a18d79061d1897109305603f65
*** Element info: {Using=xpath, value=/html[1]/body[1]/div[2]/div[2]/div[1]/div[1]/div[2]/div[1]/div[2]/form[1]/div[1]/div[2]/button[1]}" type="org.openqa.selenium.UnhandledAlertException">org.openqa.selenium.UnhandledAlertException: unexpected alert open: {Alert text : Please select some product options before adding this product to your cart.}
  (Session info: chrome=77.0.3865.90): Please select some product options before adding this product to your cart.
Build info: version: &apos;3.14.0&apos;, revision: &apos;aacccce0&apos;, time: &apos;2018-08-02T20:19:58.91Z&apos;
System info: host: &apos;DESKTOP-BF2QF85&apos;, ip: &apos;192.168.0.3&apos;, os.name: &apos;Windows 10&apos;, os.arch: &apos;amd64&apos;, os.version: &apos;10.0&apos;, java.version: &apos;1.8.0_191&apos;
Driver info: org.openqa.selenium.chrome.ChromeDriver
Capabilities {acceptInsecureCerts: false, browserName: chrome, browserVersion: 77.0.3865.90, chrome: {chromedriverVersion: 76.0.3809.68 (420c9498db8ce..., userDataDir: C:\Users\Chonnu\AppData\Loc...}, goog:chromeOptions: {debuggerAddress: localhost:56757}, javascriptEnabled: true, networkConnectionEnabled: false, pageLoadStrategy: normal, platform: XP, platformName: XP, proxy: Proxy(), setWindowRect: true, strictFileInteractability: false, timeouts: {implicit: 0, pageLoad: 300000, script: 30000}, unhandledPromptBehavior: dismiss and notify}
Session ID: d66335a18d79061d1897109305603f65
*** Element info: {Using=xpath, value=/html[1]/body[1]/div[2]/div[2]/div[1]/div[1]/div[2]/div[1]/div[2]/form[1]/div[1]/div[2]/button[1]}
	at org.openqa.selenium.remote.http.W3CHttpResponseCodec.decode(W3CHttpResponseCodec.java:120)
	at org.openqa.selenium.remote.http.W3CHttpResponseCodec.decode(W3CHttpResponseCodec.java:49)
	at org.openqa.selenium.remote.HttpCommandExecutor.execute(HttpCommandExecutor.java:158)
	at org.openqa.selenium.remote.service.DriverCommandExecutor.execute(DriverCommandExecutor.java:83)
	at org.openqa.selenium.remote.RemoteWebDriver.execute(RemoteWebDriver.java:548)
	at org.openqa.selenium.remote.RemoteWebDriver.findElement(RemoteWebDriver.java:322)
	at org.openqa.selenium.remote.RemoteWebDriver.findElementByXPath(RemoteWebDriver.java:424)
	at org.openqa.selenium.By$ByXPath.findElement(By.java:353)
	at org.openqa.selenium.remote.RemoteWebDriver.findElement(RemoteWebDriver.java:314)
	at stepDefinations.Steps.moves_to_checkout_from_mini_cart(Steps.java:41)
	at ✽.And moves to checkout from mini cart(End2End_Test.feature:11)
</error>
  </testcase>
  <testcase classname="Scenario: Customer place an order by purchasing an item from search" name="Scenario: Customer place an order by purchasing an item from search" time="0.014">
    <error message="unexpected alert open: {Alert text : Please select some product options before adding this product to your cart.}
  (Session info: chrome=77.0.3865.90): Please select some product options before adding this product to your cart.
Build info: version: &apos;3.14.0&apos;, revision: &apos;aacccce0&apos;, time: &apos;2018-08-02T20:19:58.91Z&apos;
System info: host: &apos;DESKTOP-BF2QF85&apos;, ip: &apos;192.168.0.3&apos;, os.name: &apos;Windows 10&apos;, os.arch: &apos;amd64&apos;, os.version: &apos;10.0&apos;, java.version: &apos;1.8.0_191&apos;
Driver info: org.openqa.selenium.chrome.ChromeDriver
Capabilities {acceptInsecureCerts: false, browserName: chrome, browserVersion: 77.0.3865.90, chrome: {chromedriverVersion: 76.0.3809.68 (420c9498db8ce..., userDataDir: C:\Users\Chonnu\AppData\Loc...}, goog:chromeOptions: {debuggerAddress: localhost:56757}, javascriptEnabled: true, networkConnectionEnabled: false, pageLoadStrategy: normal, platform: XP, platformName: XP, proxy: Proxy(), setWindowRect: true, strictFileInteractability: false, timeouts: {implicit: 0, pageLoad: 300000, script: 30000}, unhandledPromptBehavior: dismiss and notify}
Session ID: d66335a18d79061d1897109305603f65
*** Element info: {Using=xpath, value=/html[1]/body[1]/div[2]/div[2]/div[1]/div[1]/div[2]/div[1]/div[2]/form[1]/div[1]/div[2]/button[1]}" type="org.openqa.selenium.UnhandledAlertException">org.openqa.selenium.UnhandledAlertException: unexpected alert open: {Alert text : Please select some product options before adding this product to your cart.}
  (Session info: chrome=77.0.3865.90): Please select some product options before adding this product to your cart.
Build info: version: &apos;3.14.0&apos;, revision: &apos;aacccce0&apos;, time: &apos;2018-08-02T20:19:58.91Z&apos;
System info: host: &apos;DESKTOP-BF2QF85&apos;, ip: &apos;192.168.0.3&apos;, os.name: &apos;Windows 10&apos;, os.arch: &apos;amd64&apos;, os.version: &apos;10.0&apos;, java.version: &apos;1.8.0_191&apos;
Driver info: org.openqa.selenium.chrome.ChromeDriver
Capabilities {acceptInsecureCerts: false, browserName: chrome, browserVersion: 77.0.3865.90, chrome: {chromedriverVersion: 76.0.3809.68 (420c9498db8ce..., userDataDir: C:\Users\Chonnu\AppData\Loc...}, goog:chromeOptions: {debuggerAddress: localhost:56757}, javascriptEnabled: true, networkConnectionEnabled: false, pageLoadStrategy: normal, platform: XP, platformName: XP, proxy: Proxy(), setWindowRect: true, strictFileInteractability: false, timeouts: {implicit: 0, pageLoad: 300000, script: 30000}, unhandledPromptBehavior: dismiss and notify}
Session ID: d66335a18d79061d1897109305603f65
*** Element info: {Using=xpath, value=/html[1]/body[1]/div[2]/div[2]/div[1]/div[1]/div[2]/div[1]/div[2]/form[1]/div[1]/div[2]/button[1]}
	at org.openqa.selenium.remote.http.W3CHttpResponseCodec.decode(W3CHttpResponseCodec.java:120)
	at org.openqa.selenium.remote.http.W3CHttpResponseCodec.decode(W3CHttpResponseCodec.java:49)
	at org.openqa.selenium.remote.HttpCommandExecutor.execute(HttpCommandExecutor.java:158)
	at org.openqa.selenium.remote.service.DriverCommandExecutor.execute(DriverCommandExecutor.java:83)
	at org.openqa.selenium.remote.RemoteWebDriver.execute(RemoteWebDriver.java:548)
	at org.openqa.selenium.remote.RemoteWebDriver.findElement(RemoteWebDriver.java:322)
	at org.openqa.selenium.remote.RemoteWebDriver.findElementByXPath(RemoteWebDriver.java:424)
	at org.openqa.selenium.By$ByXPath.findElement(By.java:353)
	at org.openqa.selenium.remote.RemoteWebDriver.findElement(RemoteWebDriver.java:314)
	at stepDefinations.Steps.moves_to_checkout_from_mini_cart(Steps.java:41)
	at ✽.And moves to checkout from mini cart(End2End_Test.feature:11)
</error>
  </testcase>
  <testcase classname="Scenario: Customer place an order by purchasing an item from search" name="And enters personal details on checkout page" time="0.015">
    <skipped/>
  </testcase>
  <testcase classname="Scenario: Customer place an order by purchasing an item from search" name="And select same delivary address" time="0.015">
    <skipped/>
  </testcase>
  <testcase classname="Scenario: Customer place an order by purchasing an item from search" name="And select payment method as &quot;check&quot; payment" time="0.015">
    <skipped/>
  </testcase>
  <testcase classname="Scenario: Customer place an order by purchasing an item from search" name="And place the order" time="0.015">
    <skipped/>
  </testcase>
</testsuite>